<?xml version="1.0" encoding="UTF-8"?>
<!-- Generated by org.testng.reporters.JUnitReportReporter -->
<testsuite hostname="LAPTOP-PU8VKKP8" failures="0" tests="1" name="TestNg.day4" time="0.002" errors="0" timestamp="2022-08-14T15:15:59 IST" skipped="0">
  <testcase classname="TestNg.day4" name="MobileLoginPersonalloan" time="0.002"/>
  <system-out/>
</testsuite> <!-- TestNg.day4 -->
