<?xml version="1.0" encoding="UTF-8"?>
<!-- Generated by org.testng.reporters.JUnitReportReporter -->
<testsuite hostname="LAPTOP-PU8VKKP8" failures="0" tests="1" name="javastreamsLamdaExpressions.Test1" time="0.007" errors="0" timestamp="2022-08-07T13:49:28 IST" skipped="0">
  <testcase classname="javastreamsLamdaExpressions.Test1" name="regular" time="0.007"/>
  <system-out/>
</testsuite> <!-- javastreamsLamdaExpressions.Test1 -->
