<?xml version="1.0" encoding="UTF-8"?>
<!-- Generated by org.testng.reporters.JUnitReportReporter -->
<testsuite hostname="LAPTOP-PU8VKKP8" failures="0" tests="1" name="TestNg.day2" time="0.001" errors="0" timestamp="2022-08-14T15:15:59 IST" skipped="0">
  <testcase classname="TestNg.day2" name="UloanAb" time="0.001"/>
  <system-out/>
</testsuite> <!-- TestNg.day2 -->
