<?xml version="1.0" encoding="UTF-8"?>
<!-- Generated by org.testng.reporters.JUnitReportReporter -->
<testsuite hostname="LAPTOP-PU8VKKP8" failures="0" tests="4" name="javastreamsLamdaExpressions.StreamFilter" time="0.006" errors="0" timestamp="2022-08-05T09:33:12 IST" skipped="3">
  <testcase classname="javastreamsLamdaExpressions.StreamFilter" name="StreamAssignment" time="0.006"/>
  <system-out/>
  <testcase classname="javastreamsLamdaExpressions.StreamFilter" name="StreamMap">
    <skipped/>
  </testcase> <!-- StreamMap -->
  <system-out/>
  <testcase classname="javastreamsLamdaExpressions.StreamFilter" name="stream">
    <skipped/>
  </testcase> <!-- stream -->
  <system-out/>
  <testcase classname="javastreamsLamdaExpressions.StreamFilter" name="StreamCollect">
    <skipped/>
  </testcase> <!-- StreamCollect -->
  <system-out/>
</testsuite> <!-- javastreamsLamdaExpressions.StreamFilter -->
