<?xml version="1.0" encoding="UTF-8"?>
<!-- Generated by org.testng.reporters.JUnitReportReporter -->
<testsuite hostname="LAPTOP-PU8VKKP8" failures="0" tests="2" name="TestNg.day3" time="0.002" errors="0" timestamp="2022-08-14T15:15:59 IST" skipped="1">
  <testcase classname="TestNg.day3" name="LoginCarLoanAPi" time="0.002"/>
  <system-out/>
  <testcase classname="TestNg.day3" name="MobileAppCarLoan">
    <skipped/>
  </testcase> <!-- MobileAppCarLoan -->
  <system-out/>
</testsuite> <!-- TestNg.day3 -->
